<?xml version="1.0" encoding="UTF-8"?>
<testng-results ignored="0" total="2" passed="2" failed="0" skipped="0">
  <reporter-output>
  </reporter-output>
  <suite started-at="2022-09-22T11:17:30 EDT" name="Default suite" finished-at="2022-09-22T11:17:40 EDT" duration-ms="10357">
    <groups>
    </groups>
    <test started-at="2022-09-22T11:17:30 EDT" name="Default test" finished-at="2022-09-22T11:17:40 EDT" duration-ms="10357">
      <class name="test_ng.AssertAfterLogin">
        <test-method is-config="true" signature="beforeTest()[pri:0, instance:test_ng.AssertAfterLogin@a2431d0]" started-at="2022-09-22T11:17:30 EDT" name="beforeTest" finished-at="2022-09-22T11:17:31 EDT" duration-ms="1390" status="PASS">
          <reporter-output>
          </reporter-output>
        </test-method> <!-- beforeTest -->
        <test-method signature="performLogin()[pri:0, instance:test_ng.AssertAfterLogin@a2431d0]" started-at="2022-09-22T11:17:31 EDT" name="performLogin" finished-at="2022-09-22T11:17:38 EDT" duration-ms="6919" status="PASS">
          <reporter-output>
          </reporter-output>
        </test-method> <!-- performLogin -->
        <test-method signature="assertHomePage()[pri:0, instance:test_ng.AssertAfterLogin@a2431d0]" started-at="2022-09-22T11:17:38 EDT" name="assertHomePage" finished-at="2022-09-22T11:17:40 EDT" depends-on-methods="test_ng.AssertAfterLogin.performLogin" duration-ms="2020" status="PASS">
          <reporter-output>
          </reporter-output>
        </test-method> <!-- assertHomePage -->
        <test-method is-config="true" signature="afterTest()[pri:0, instance:test_ng.AssertAfterLogin@a2431d0]" started-at="2022-09-22T11:17:40 EDT" name="afterTest" finished-at="2022-09-22T11:17:40 EDT" duration-ms="0" status="PASS">
          <reporter-output>
          </reporter-output>
        </test-method> <!-- afterTest -->
      </class> <!-- test_ng.AssertAfterLogin -->
    </test> <!-- Default test -->
  </suite> <!-- Default suite -->
</testng-results>
